#
# There is insufficient memory for the Java Runtime Environment to continue.
# Native memory allocation (mmap) failed to map 266338304 bytes for G1 virtual space
# Possible reasons:
#   The system is out of physical RAM or swap space
#   The process is running with CompressedOops enabled, and the Java Heap may be blocking the growth of the native heap
# Possible solutions:
#   Reduce memory load on the system
#   Increase physical memory or swap space
#   Check if swap backing store is full
#   Decrease Java heap size (-Xmx/-Xms)
#   Decrease number of Java threads
#   Decrease Java thread stack sizes (-Xss)
#   Set larger code cache with -XX:ReservedCodeCacheSize=
#   JVM is running with Zero Based Compressed Oops mode in which the Java heap is
#     placed in the first 32GB address space. The Java Heap base address is the
#     maximum limit for the native heap growth. Please use -XX:HeapBaseMinAddress
#     to set the Java Heap base and to place the Java Heap above 32GB virtual address.
# This output file may be truncated or incomplete.
#
#  Out of Memory Error (./open/src/hotspot/os/windows/os_windows.cpp:3472), pid=18428, tid=18524
#
# JRE version:  (15.0.1+9) (build )
# Java VM: Java HotSpot(TM) 64-Bit Server VM (15.0.1+9-18, mixed mode, sharing, tiered, compressed oops, g1 gc, windows-amd64)
# No core dump will be written. Minidumps are not enabled by default on client versions of Windows
#

---------------  S U M M A R Y ------------

Command Line: org.antlr.v4.Tool Calc.g4

Host: Intel(R) Core(TM) i5-9300H CPU @ 2.40GHz, 8 cores, 15G,  Windows 10 , 64 bit Build 19041 (10.0.19041.804)
Time: Mon Mar 15 12:01:08 2021 Paris, Madrid elapsed time: 0.013363 seconds (0d 0h 0m 0s)

---------------  T H R E A D  ---------------

Current thread (0x000001fc02ee4ab0):  JavaThread "Unknown thread" [_thread_in_vm, id=18524, stack(0x000000ce3f200000,0x000000ce3f300000)]

Stack: [0x000000ce3f200000,0x000000ce3f300000]
Native frames: (J=compiled Java code, j=interpreted, Vv=VM code, C=native code)
V  [jvm.dll+0x62ae9a]
V  [jvm.dll+0x781389]
V  [jvm.dll+0x782ae3]
V  [jvm.dll+0x783143]
V  [jvm.dll+0x216265]
V  [jvm.dll+0x6281d9]
V  [jvm.dll+0x61cd15]
V  [jvm.dll+0x2d01fd]
V  [jvm.dll+0x2d0062]
V  [jvm.dll+0x2d603c]
V  [jvm.dll+0x325b2a]
V  [jvm.dll+0x3251f4]
V  [jvm.dll+0x2a717a]
V  [jvm.dll+0x2a8318]
V  [jvm.dll+0x75e101]
V  [jvm.dll+0x3343e4]
V  [jvm.dll+0x73e826]
V  [jvm.dll+0x3b7777]
V  [jvm.dll+0x3b9201]
C  [jli.dll+0x52fb]
C  [ucrtbase.dll+0x21bb2]
C  [KERNEL32.DLL+0x17034]
C  [ntdll.dll+0x52651]


---------------  P R O C E S S  ---------------

Threads class SMR info:
_java_thread_list=0x00007ffac66a4ff0, length=0, elements={
}

Java Threads: ( => current thread )

Other Threads:
  0x000001fc02f350f0 GCTaskThread "GC Thread#0" [stack: 0x000000ce3f300000,0x000000ce3f400000] [id=16156]
  0x000001fc02f46df0 ConcurrentGCThread "G1 Main Marker" [stack: 0x000000ce3f400000,0x000000ce3f500000] [id=15180]
  0x000001fc02f47f90 ConcurrentGCThread "G1 Conc#0" [stack: 0x000000ce3f500000,0x000000ce3f600000] [id=12768]

[error occurred during error reporting (printing all threads), id 0xc0000005, EXCEPTION_ACCESS_VIOLATION (0xc0000005) at pc=0x00007ffac5e98047]

VM state: not at safepoint (not fully initialized)

VM Mutex/Monitor currently owned by a thread:  ([mutex/lock_event])
[0x000001fc02edfee0] Heap_lock - owner thread: 0x000001fc02ee4ab0

Heap address: 0x0000000702600000, size: 4058 MB, Compressed Oops mode: Zero based, Oop shift amount: 3
CDS archive(s) mapped at: [0x0000000000000000-0x0000000000000000-0x0000000000000000), size 0, SharedBaseAddress: 0x0000000800000000, ArchiveRelocationMode: 0.
Narrow klass base: 0x0000000000000000, Narrow klass shift: 0, Narrow klass range: 0x0

Heap:
 garbage-first heap   total 260096K, used 0K [0x0000000702600000, 0x0000000800000000)
  region size 2048K, 0 young (0K), 0 survivors (0K)
 Metaspace       used 0K, capacity 0K, committed 0K, reserved 0K
  class space    used 0K, capacity 0K, committed 0K, reserved 0K

Heap Regions: E=young(eden), S=young(survivor), O=old, HS=humongous(starts), HC=humongous(continues), CS=collection set, F=free, OA=open archive, CA=closed archive, TAMS=top-at-mark-start (previous, next)

Card table byte_map: [0x000001fc1ac40000,0x000001fc1b430000] _byte_map_base: 0x000001fc1742d000

Marking Bits (Prev, Next): (CMBitMap*) 0x000001fc02f36700, (CMBitMap*) 0x000001fc02f36740
 Prev Bits: [0x000001fc1bc20000, 0x000001fc1fb88000)
 Next Bits: [0x000001fc1fb90000, 0x000001fc23af8000)

GC Heap History (0 events):
No events

Deoptimization events (0 events):
No events

Classes unloaded (0 events):
No events

Classes redefined (0 events):
No events

Internal exceptions (0 events):
No events

Events (1 events):
Event: 0.006 Loaded shared library C:\Program Files\Java\jdk-15.0.1\bin\java.dll


Dynamic libraries:
0x00007ff705830000 - 0x00007ff70583f000 	C:\Program Files\Java\jdk-15.0.1\bin\java.exe
0x00007ffb420b0000 - 0x00007ffb422a5000 	C:\WINDOWS\SYSTEM32\ntdll.dll
0x00007ffb412e0000 - 0x00007ffb4139d000 	C:\WINDOWS\System32\KERNEL32.DLL
0x00007ffb3f850000 - 0x00007ffb3fb19000 	C:\WINDOWS\System32\KERNELBASE.dll
0x00007ffb3fcf0000 - 0x00007ffb3fdf0000 	C:\WINDOWS\System32\ucrtbase.dll
0x00007ffb34e60000 - 0x00007ffb34e78000 	C:\Program Files\Java\jdk-15.0.1\bin\jli.dll
0x00007ffb34e40000 - 0x00007ffb34e59000 	C:\Program Files\Java\jdk-15.0.1\bin\VCRUNTIME140.dll
0x00007ffb413a0000 - 0x00007ffb4144c000 	C:\WINDOWS\System32\ADVAPI32.dll
0x00007ffb41620000 - 0x00007ffb416be000 	C:\WINDOWS\System32\msvcrt.dll
0x00007ffb416c0000 - 0x00007ffb4175c000 	C:\WINDOWS\System32\sechost.dll
0x00007ffb40110000 - 0x00007ffb4023b000 	C:\WINDOWS\System32\RPCRT4.dll
0x00007ffb402a0000 - 0x00007ffb40440000 	C:\WINDOWS\System32\USER32.dll
0x00007ffb2ad00000 - 0x00007ffb2af9a000 	C:\WINDOWS\WinSxS\amd64_microsoft.windows.common-controls_6595b64144ccf1df_6.0.19041.844_none_ca00b6081b84eb1d\COMCTL32.dll
0x00007ffb3fb20000 - 0x00007ffb3fb42000 	C:\WINDOWS\System32\win32u.dll
0x00007ffb41560000 - 0x00007ffb4158a000 	C:\WINDOWS\System32\GDI32.dll
0x00007ffb40000000 - 0x00007ffb4010b000 	C:\WINDOWS\System32\gdi32full.dll
0x00007ffb3fc00000 - 0x00007ffb3fc9d000 	C:\WINDOWS\System32\msvcp_win.dll
0x00007ffb39170000 - 0x00007ffb3917a000 	C:\WINDOWS\SYSTEM32\VERSION.dll
0x00007ffb41530000 - 0x00007ffb41560000 	C:\WINDOWS\System32\IMM32.DLL
0x00007ffb3b330000 - 0x00007ffb3b33c000 	C:\Program Files\Java\jdk-15.0.1\bin\vcruntime140_1.dll
0x00007ffae56d0000 - 0x00007ffae5761000 	C:\Program Files\Java\jdk-15.0.1\bin\msvcp140.dll
0x00007ffac5be0000 - 0x00007ffac673e000 	C:\Program Files\Java\jdk-15.0.1\bin\server\jvm.dll
0x00007ffb41610000 - 0x00007ffb41618000 	C:\WINDOWS\System32\PSAPI.DLL
0x00007ffb23150000 - 0x00007ffb23159000 	C:\WINDOWS\SYSTEM32\WSOCK32.dll
0x00007ffb286b0000 - 0x00007ffb286d7000 	C:\WINDOWS\SYSTEM32\WINMM.dll
0x00007ffb41ac0000 - 0x00007ffb41b2b000 	C:\WINDOWS\System32\WS2_32.dll
0x00007ffb3d8f0000 - 0x00007ffb3d902000 	C:\WINDOWS\SYSTEM32\kernel.appcore.dll
0x00007ffb38950000 - 0x00007ffb3895a000 	C:\Program Files\Java\jdk-15.0.1\bin\jimage.dll
0x00007ffb3d540000 - 0x00007ffb3d724000 	C:\WINDOWS\SYSTEM32\DBGHELP.DLL
0x00007ffb22350000 - 0x00007ffb2237c000 	C:\WINDOWS\SYSTEM32\dbgcore.DLL
0x00007ffb3fe20000 - 0x00007ffb3fea0000 	C:\WINDOWS\System32\bcryptPrimitives.dll
0x00007ffb1a800000 - 0x00007ffb1a825000 	C:\Program Files\Java\jdk-15.0.1\bin\java.dll

dbghelp: loaded successfully - version: 4.0.5 - missing functions: none
symbol engine: initialized successfully - sym options: 0x614 - pdb path: .;C:\Program Files\Java\jdk-15.0.1\bin;C:\WINDOWS\SYSTEM32;C:\WINDOWS\WinSxS\amd64_microsoft.windows.common-controls_6595b64144ccf1df_6.0.19041.844_none_ca00b6081b84eb1d;C:\Program Files\Java\jdk-15.0.1\bin\server

VM Arguments:
java_command: org.antlr.v4.Tool Calc.g4
java_class_path (initial): .;D:\Outils\antlr4\lib\antlr-4.7.2-complete.jar;
Launcher Type: SUN_STANDARD

[Global flags]
     intx CICompilerCount                          = 4                                         {product} {ergonomic}
     uint ConcGCThreads                            = 2                                         {product} {ergonomic}
     uint G1ConcRefinementThreads                  = 8                                         {product} {ergonomic}
   size_t G1HeapRegionSize                         = 2097152                                   {product} {ergonomic}
    uintx GCDrainStackTargetSize                   = 64                                        {product} {ergonomic}
   size_t InitialHeapSize                          = 266338304                                 {product} {ergonomic}
   size_t MarkStackSize                            = 4194304                                   {product} {ergonomic}
   size_t MaxHeapSize                              = 4255121408                                {product} {ergonomic}
   size_t MinHeapDeltaBytes                        = 2097152                                   {product} {ergonomic}
   size_t MinHeapSize                              = 8388608                                   {product} {ergonomic}
    uintx NonNMethodCodeHeapSize                   = 5839372                                {pd product} {ergonomic}
    uintx NonProfiledCodeHeapSize                  = 122909434                              {pd product} {ergonomic}
    uintx ProfiledCodeHeapSize                     = 122909434                              {pd product} {ergonomic}
    uintx ReservedCodeCacheSize                    = 251658240                              {pd product} {ergonomic}
     bool SegmentedCodeCache                       = true                                      {product} {ergonomic}
   size_t SoftMaxHeapSize                          = 4255121408                             {manageable} {ergonomic}
     bool UseCompressedClassPointers               = true                                 {lp64_product} {ergonomic}
     bool UseCompressedOops                        = true                                 {lp64_product} {ergonomic}
     bool UseG1GC                                  = true                                      {product} {ergonomic}
     bool UseLargePagesIndividualAllocation        = false                                  {pd product} {ergonomic}

Logging:
Log output configuration:
 #0: stdout all=warning uptime,level,tags
 #1: stderr all=off uptime,level,tags

Environment Variables:
JAVA_HOME=C:\Program Files\Java\jdk1.8.0_231
CLASSPATH=.;D:\Outils\antlr4\lib\antlr-4.7.2-complete.jar;
PATH=C:\Python39\Scripts\;C:\Python39\;C:\Program Files\Common Files\Oracle\Java\javapath;C:\Python38\Scripts\;C:\Python38\;C:\Windows\system32;C:\Windows;C:\Windows\System32\Wbem;C:\Windows\System32\WindowsPowerShell\v1.0\;C:\Windows\System32\OpenSSH\;C:\Program Files (x86)\NVIDIA Corporation\PhysX\Common;C:\Program Files\NVIDIA Corporation\NVIDIA NvDLISR;C:\Program Files\Intel\WiFi\bin\;C:\Program Files\Common Files\Intel\WirelessCommon\;C:\Program Files\Crucial\Crucial Storage Executive;C:\WINDOWS\system32;C:\WINDOWS;C:\WINDOWS\System32\Wbem;C:\WINDOWS\System32\WindowsPowerShell\v1.0\;C:\WINDOWS\System32\OpenSSH\;C:\ProgramData\chocolatey\bin;C:\Users\bastu\AppData\Local\Android\Sdk\platform-tools;C:\Users\bastu\AppData\Local\Android\Sdk\platforms;D:\Outils\Putty\;C:\Program Files\Java\jdk1.8.0_231\bin;D:\Outils\Git\cmd;C:\Program Files\Git\cmd;D:\Outils\ant-java;C:\Javalib;C:\TDM-GCC-64\bin;C:\Program Files\nodejs\;C:\Program Files (x86)\BaseX\bin;C:\Users\bastu\AppData\Local\Programs\Python\Python38-32\Scripts\;C:\Users\bastu\AppData\Local\Programs\Python\Python38-32\;C:\Users\bastu\AppData\Local\Microsoft\WindowsApps;D:\IDE\Microsoft VS Code\bin;D:\Outils\wamp64\bin\php\php7.2.25;D:\Outils\ComposerSetup;C:\Users\bastu\AppData\Roaming\Composer\vendor\bin;D:\IDE\IntelliJ\IntelliJ IDEA Community Edition 2020.1.2\bin;"C:\Python38\;C:\Python38\Lib\site-packages\django\bin\";C:\Users\bastu\AppData\Local\GitHubDesktop\bin;C:\Program Files\Java\jdk1.8.0_231\bin;D:\Outils\ant-java\bin;D:\Outils\antlr4\bin;C:\Users\bastu\AppData\Roaming\npm;C:\Users\bastu\AppData\Local\Android\Sdk\emulator;
USERNAME=bastu
LANG=fr_FR.UTF-8
OS=Windows_NT
PROCESSOR_IDENTIFIER=Intel64 Family 6 Model 158 Stepping 10, GenuineIntel



---------------  S Y S T E M  ---------------

OS:
 Windows 10 , 64 bit Build 19041 (10.0.19041.804)
OS uptime: 2 days 0:15 hours
HyperV virtualization detected

CPU: total 8 (initial active 8) (4 cores per cpu, 2 threads per core) family 6 model 158 stepping 10 microcode 0xde, cmov, cx8, fxsr, mmx, sse, sse2, sse3, ssse3, sse4.1, sse4.2, popcnt, vzeroupper, avx, avx2, aes, clmul, erms, 3dnowpref, lzcnt, ht, tsc, tscinvbit, bmi1, bmi2, adx, fma, clflush, clflushopt

Memory: 4k page, system-wide physical 16228M (4014M free)
TotalPageFile size 24420M (AvailPageFile size 34M)
current process WorkingSet (physical memory assigned to process): 10M, peak: 10M
current process commit charge ("private bytes"): 60M, peak: 314M

vm_info: Java HotSpot(TM) 64-Bit Server VM (15.0.1+9-18) for windows-amd64 JRE (15.0.1+9-18), built on Sep 15 2020 14:43:54 by "mach5one" with unknown MS VC++:1925

END.
